Looking for git in: git
Using git 2.25.1 from git
> git rev-parse --git-dir
Open repository: /home/leones/cursos/curso-cypress
> git status -z -u
> git symbolic-ref --short HEAD
> git for-each-ref --format=%(refname)%00%(upstream:short)%00%(objectname)%00%(upstream:track) refs/heads/master refs/remotes/master
> git for-each-ref --sort -committerdate --format %(refname) %(objectname) %(*objectname)
> git remote --verbose
> git check-ignore -v -z --stdin
Warning: Failed to watch ref '/home/leones/cursos/curso-cypress/.git/refs/remotes/origin/master', is most likely packed.
> git config --get commit.template
> git show --textconv :cypress/integration/tickets.spec.js
> git ls-files --stage -- /home/leones/cursos/curso-cypress/cypress/integration/tickets.spec.js
> git cat-file -s f5838dae069d078ba186208172806524381a176b
> git status -z -u
> git symbolic-ref --short HEAD
> git for-each-ref --format=%(refname)%00%(upstream:short)%00%(objectname)%00%(upstream:track) refs/heads/master refs/remotes/master
> git for-each-ref --sort -committerdate --format %(refname) %(objectname) %(*objectname)
> git remote --verbose
Warning: Failed to watch ref '/home/leones/cursos/curso-cypress/.git/refs/remotes/origin/master', is most likely packed.
> git config --get commit.template
> git status -z -u
> git symbolic-ref --short HEAD
> git for-each-ref --format=%(refname)%00%(upstream:short)%00%(objectname)%00%(upstream:track) refs/heads/master refs/remotes/master
> git for-each-ref --sort -committerdate --format %(refname) %(objectname) %(*objectname)
> git remote --verbose
Warning: Failed to watch ref '/home/leones/cursos/curso-cypress/.git/refs/remotes/origin/master', is most likely packed.
> git config --get commit.template
> git status -z -u
> git symbolic-ref --short HEAD
> git for-each-ref --format=%(refname)%00%(upstream:short)%00%(objectname)%00%(upstream:track) refs/heads/master refs/remotes/master
> git for-each-ref --sort -committerdate --format %(refname) %(objectname) %(*objectname)
> git remote --verbose
Warning: Failed to watch ref '/home/leones/cursos/curso-cypress/.git/refs/remotes/origin/master', is most likely packed.
> git config --get commit.template
> git status -z -u
> git symbolic-ref --short HEAD
> git for-each-ref --format=%(refname)%00%(upstream:short)%00%(objectname)%00%(upstream:track) refs/heads/master refs/remotes/master
> git for-each-ref --sort -committerdate --format %(refname) %(objectname) %(*objectname)
> git remote --verbose
Warning: Failed to watch ref '/home/leones/cursos/curso-cypress/.git/refs/remotes/origin/master', is most likely packed.
> git config --get commit.template
> git status -z -u
> git symbolic-ref --short HEAD
> git for-each-ref --format=%(refname)%00%(upstream:short)%00%(objectname)%00%(upstream:track) refs/heads/master refs/remotes/master
> git for-each-ref --sort -committerdate --format %(refname) %(objectname) %(*objectname)
> git remote --verbose
Warning: Failed to watch ref '/home/leones/cursos/curso-cypress/.git/refs/remotes/origin/master', is most likely packed.
> git config --get commit.template
> git status -z -u
> git symbolic-ref --short HEAD
> git for-each-ref --format=%(refname)%00%(upstream:short)%00%(objectname)%00%(upstream:track) refs/heads/master refs/remotes/master
> git for-each-ref --sort -committerdate --format %(refname) %(objectname) %(*objectname)
> git remote --verbose
Warning: Failed to watch ref '/home/leones/cursos/curso-cypress/.git/refs/remotes/origin/master', is most likely packed.
> git config --get commit.template
> git status -z -u
> git symbolic-ref --short HEAD
> git for-each-ref --format=%(refname)%00%(upstream:short)%00%(objectname)%00%(upstream:track) refs/heads/master refs/remotes/master
> git for-each-ref --sort -committerdate --format %(refname) %(objectname) %(*objectname)
> git remote --verbose
Warning: Failed to watch ref '/home/leones/cursos/curso-cypress/.git/refs/remotes/origin/master', is most likely packed.
> git config --get commit.template
> git status -z -u
> git symbolic-ref --short HEAD
> git for-each-ref --format=%(refname)%00%(upstream:short)%00%(objectname)%00%(upstream:track) refs/heads/master refs/remotes/master
> git for-each-ref --sort -committerdate --format %(refname) %(objectname) %(*objectname)
> git remote --verbose
Warning: Failed to watch ref '/home/leones/cursos/curso-cypress/.git/refs/remotes/origin/master', is most likely packed.
> git config --get commit.template
> git status -z -u
> git symbolic-ref --short HEAD
> git for-each-ref --format=%(refname)%00%(upstream:short)%00%(objectname)%00%(upstream:track) refs/heads/master refs/remotes/master
> git for-each-ref --sort -committerdate --format %(refname) %(objectname) %(*objectname)
> git remote --verbose
Warning: Failed to watch ref '/home/leones/cursos/curso-cypress/.git/refs/remotes/origin/master', is most likely packed.
> git config --get commit.template
> git status -z -u
> git symbolic-ref --short HEAD
> git for-each-ref --format=%(refname)%00%(upstream:short)%00%(objectname)%00%(upstream:track) refs/heads/master refs/remotes/master
> git for-each-ref --sort -committerdate --format %(refname) %(objectname) %(*objectname)
> git remote --verbose
Warning: Failed to watch ref '/home/leones/cursos/curso-cypress/.git/refs/remotes/origin/master', is most likely packed.
> git config --get commit.template
> git status -z -u
> git symbolic-ref --short HEAD
> git for-each-ref --format=%(refname)%00%(upstream:short)%00%(objectname)%00%(upstream:track) refs/heads/master refs/remotes/master
> git for-each-ref --sort -committerdate --format %(refname) %(objectname) %(*objectname)
> git remote --verbose
Warning: Failed to watch ref '/home/leones/cursos/curso-cypress/.git/refs/remotes/origin/master', is most likely packed.
> git config --get commit.template
> git log --format=%H%n%aN%n%aE%n%at%n%ct%n%P%n%B -z -n21 -- /home/leones/cursos/curso-cypress/cypress/integration/tickets.spec.js
> git show --textconv :cypress/support/commands.js
> git ls-files --stage -- /home/leones/cursos/curso-cypress/cypress/support/commands.js
> git check-ignore -v -z --stdin
> git show --textconv :cypress/integration/tickets.spec.js
> git ls-files --stage -- /home/leones/cursos/curso-cypress/cypress/integration/tickets.spec.js
> git cat-file -s f5838dae069d078ba186208172806524381a176b
> git show --textconv :cypress/support/commands.js
> git ls-files --stage -- /home/leones/cursos/curso-cypress/cypress/support/commands.js
> git show --textconv :cypress/integration/tickets.spec.js
> git ls-files --stage -- /home/leones/cursos/curso-cypress/cypress/integration/tickets.spec.js
> git cat-file -s f5838dae069d078ba186208172806524381a176b
> git show --textconv :cypress/support/commands.js
> git ls-files --stage -- /home/leones/cursos/curso-cypress/cypress/support/commands.js
> git show --textconv :cypress/integration/tickets.spec.js
> git ls-files --stage -- /home/leones/cursos/curso-cypress/cypress/integration/tickets.spec.js
> git cat-file -s f5838dae069d078ba186208172806524381a176b
> git show --textconv :cypress/support/commands.js
> git ls-files --stage -- /home/leones/cursos/curso-cypress/cypress/support/commands.js
> git show --textconv :cypress/integration/tickets.spec.js
> git ls-files --stage -- /home/leones/cursos/curso-cypress/cypress/integration/tickets.spec.js
> git cat-file -s f5838dae069d078ba186208172806524381a176b
> git show --textconv :cypress/support/commands.js
> git ls-files --stage -- /home/leones/cursos/curso-cypress/cypress/support/commands.js
> git status -z -u
> git symbolic-ref --short HEAD
> git for-each-ref --format=%(refname)%00%(upstream:short)%00%(objectname)%00%(upstream:track) refs/heads/master refs/remotes/master
> git for-each-ref --sort -committerdate --format %(refname) %(objectname) %(*objectname)
> git remote --verbose
Warning: Failed to watch ref '/home/leones/cursos/curso-cypress/.git/refs/remotes/origin/master', is most likely packed.
> git config --get commit.template
> git show --textconv :cypress/integration/tickets.spec.js
> git ls-files --stage -- /home/leones/cursos/curso-cypress/cypress/integration/tickets.spec.js
> git cat-file -s f5838dae069d078ba186208172806524381a176b
> git show --textconv :cypress/support/commands.js
> git ls-files --stage -- /home/leones/cursos/curso-cypress/cypress/support/commands.js
> git status -z -u
> git symbolic-ref --short HEAD
> git for-each-ref --format=%(refname)%00%(upstream:short)%00%(objectname)%00%(upstream:track) refs/heads/master refs/remotes/master
> git for-each-ref --sort -committerdate --format %(refname) %(objectname) %(*objectname)
> git remote --verbose
Warning: Failed to watch ref '/home/leones/cursos/curso-cypress/.git/refs/remotes/origin/master', is most likely packed.
> git config --get commit.template
> git show --textconv :cypress/integration/tickets.spec.js
> git ls-files --stage -- /home/leones/cursos/curso-cypress/cypress/integration/tickets.spec.js
> git cat-file -s f5838dae069d078ba186208172806524381a176b
> git show --textconv :cypress/support/commands.js
> git ls-files --stage -- /home/leones/cursos/curso-cypress/cypress/support/commands.js
> git status -z -u
> git symbolic-ref --short HEAD
> git for-each-ref --format=%(refname)%00%(upstream:short)%00%(objectname)%00%(upstream:track) refs/heads/master refs/remotes/master
> git for-each-ref --sort -committerdate --format %(refname) %(objectname) %(*objectname)
> git remote --verbose
Warning: Failed to watch ref '/home/leones/cursos/curso-cypress/.git/refs/remotes/origin/master', is most likely packed.
> git config --get commit.template
> git show --textconv :cypress/integration/tickets.spec.js
> git ls-files --stage -- /home/leones/cursos/curso-cypress/cypress/integration/tickets.spec.js
> git cat-file -s f5838dae069d078ba186208172806524381a176b
> git show --textconv :cypress/support/commands.js
> git ls-files --stage -- /home/leones/cursos/curso-cypress/cypress/support/commands.js
> git show --textconv :cypress/integration/tickets.spec.js
> git ls-files --stage -- /home/leones/cursos/curso-cypress/cypress/integration/tickets.spec.js
> git cat-file -s f5838dae069d078ba186208172806524381a176b
> git status -z -u
> git symbolic-ref --short HEAD
> git for-each-ref --format=%(refname)%00%(upstream:short)%00%(objectname)%00%(upstream:track) refs/heads/master refs/remotes/master
> git for-each-ref --sort -committerdate --format %(refname) %(objectname) %(*objectname)
> git remote --verbose
Warning: Failed to watch ref '/home/leones/cursos/curso-cypress/.git/refs/remotes/origin/master', is most likely packed.
> git config --get commit.template
> git status -z -u
> git symbolic-ref --short HEAD
> git for-each-ref --format=%(refname)%00%(upstream:short)%00%(objectname)%00%(upstream:track) refs/heads/master refs/remotes/master
> git for-each-ref --sort -committerdate --format %(refname) %(objectname) %(*objectname)
> git remote --verbose
Warning: Failed to watch ref '/home/leones/cursos/curso-cypress/.git/refs/remotes/origin/master', is most likely packed.
> git config --get commit.template
> git status -z -u
> git symbolic-ref --short HEAD
> git for-each-ref --format=%(refname)%00%(upstream:short)%00%(objectname)%00%(upstream:track) refs/heads/master refs/remotes/master
> git for-each-ref --sort -committerdate --format %(refname) %(objectname) %(*objectname)
> git remote --verbose
Warning: Failed to watch ref '/home/leones/cursos/curso-cypress/.git/refs/remotes/origin/master', is most likely packed.
> git config --get commit.template
> git status -z -u
> git symbolic-ref --short HEAD
> git for-each-ref --format=%(refname)%00%(upstream:short)%00%(objectname)%00%(upstream:track) refs/heads/master refs/remotes/master
> git for-each-ref --sort -committerdate --format %(refname) %(objectname) %(*objectname)
> git remote --verbose
Warning: Failed to watch ref '/home/leones/cursos/curso-cypress/.git/refs/remotes/origin/master', is most likely packed.
> git config --get commit.template
> git status -z -u
> git symbolic-ref --short HEAD
> git for-each-ref --format=%(refname)%00%(upstream:short)%00%(objectname)%00%(upstream:track) refs/heads/master refs/remotes/master
> git for-each-ref --sort -committerdate --format %(refname) %(objectname) %(*objectname)
> git remote --verbose
Warning: Failed to watch ref '/home/leones/cursos/curso-cypress/.git/refs/remotes/origin/master', is most likely packed.
> git config --get commit.template
> git log --format=%H%n%aN%n%aE%n%at%n%ct%n%P%n%B -z -n21 -- /home/leones/cursos/curso-cypress/cypress/integration/tickets.spec.js
> git status -z -u
> git symbolic-ref --short HEAD
> git for-each-ref --format=%(refname)%00%(upstream:short)%00%(objectname)%00%(upstream:track) refs/heads/master refs/remotes/master
> git for-each-ref --sort -committerdate --format %(refname) %(objectname) %(*objectname)
> git remote --verbose
Warning: Failed to watch ref '/home/leones/cursos/curso-cypress/.git/refs/remotes/origin/master', is most likely packed.
> git config --get commit.template
> git ls-files --stage -- /home/leones/cursos/curso-cypress/cypress/integration/tickets.spec.js
> git cat-file -s f5838dae069d078ba186208172806524381a176b
> git show --textconv :cypress/integration/tickets.spec.js
