[2021-05-01 04:23:08.335] [exthost] [info] extension host started
[2021-05-01 04:23:09.386] [exthost] [info] ExtensionService#_doActivateExtension vscode.microsoft-authentication {"startup":false,"extensionId":{"value":"vscode.microsoft-authentication","_lower":"vscode.microsoft-authentication"},"activationEvent":"onAuthenticationRequest:microsoft"}
[2021-05-01 04:23:09.387] [exthost] [info] ExtensionService#loadCommonJSModule file:///snap/code/62/usr/share/code/resources/app/extensions/microsoft-authentication/dist/extension.js
[2021-05-01 04:23:09.541] [exthost] [info] ExtensionService#_doActivateExtension vscode.typescript-language-features {"startup":false,"extensionId":{"value":"vscode.typescript-language-features","_lower":"vscode.typescript-language-features"},"activationEvent":"onLanguage:javascript"}
[2021-05-01 04:23:09.542] [exthost] [info] ExtensionService#loadCommonJSModule file:///snap/code/62/usr/share/code/resources/app/extensions/typescript-language-features/dist/extension
[2021-05-01 04:23:09.703] [exthost] [info] ExtensionService#_doActivateExtension vscode.debug-auto-launch {"startup":true,"extensionId":{"value":"vscode.debug-auto-launch","_lower":"vscode.debug-auto-launch"},"activationEvent":"*"}
[2021-05-01 04:23:09.706] [exthost] [info] ExtensionService#loadCommonJSModule file:///snap/code/62/usr/share/code/resources/app/extensions/debug-auto-launch/dist/extension
[2021-05-01 04:23:09.726] [exthost] [info] ExtensionService#_doActivateExtension vscode.git {"startup":true,"extensionId":{"value":"vscode.github","_lower":"vscode.github"},"activationEvent":"*"}
[2021-05-01 04:23:09.733] [exthost] [info] ExtensionService#loadCommonJSModule file:///snap/code/62/usr/share/code/resources/app/extensions/git/dist/main
[2021-05-01 04:23:10.199] [exthost] [info] ExtensionService#_doActivateExtension vscode.npm {"startup":true,"extensionId":{"value":"vscode.npm","_lower":"vscode.npm"},"activationEvent":"workspaceContains:package.json"}
[2021-05-01 04:23:10.201] [exthost] [info] ExtensionService#loadCommonJSModule file:///snap/code/62/usr/share/code/resources/app/extensions/npm/dist/npmMain
[2021-05-01 04:23:13.403] [exthost] [warning] [Decorations] CAPPING events from decorations provider vscode.git 549
[2021-05-01 04:23:20.052] [exthost] [info] ExtensionService#_doActivateExtension vscode.github {"startup":true,"extensionId":{"value":"vscode.github","_lower":"vscode.github"},"activationEvent":"*"}
[2021-05-01 04:23:20.062] [exthost] [info] ExtensionService#loadCommonJSModule file:///snap/code/62/usr/share/code/resources/app/extensions/github/dist/extension.js
[2021-05-01 04:23:22.751] [exthost] [info] ExtensionService#_doActivateExtension vscode.emmet {"startup":false,"extensionId":{"value":"vscode.emmet","_lower":"vscode.emmet"},"activationEvent":"onStartupFinished"}
[2021-05-01 04:23:22.757] [exthost] [info] ExtensionService#loadCommonJSModule file:///snap/code/62/usr/share/code/resources/app/extensions/emmet/dist/node/emmetNodeMain
[2021-05-01 04:23:23.034] [exthost] [info] ExtensionService#_doActivateExtension vscode.merge-conflict {"startup":false,"extensionId":{"value":"vscode.merge-conflict","_lower":"vscode.merge-conflict"},"activationEvent":"onStartupFinished"}
[2021-05-01 04:23:23.065] [exthost] [info] ExtensionService#loadCommonJSModule file:///snap/code/62/usr/share/code/resources/app/extensions/merge-conflict/dist/mergeConflictMain
[2021-05-01 04:23:23.134] [exthost] [info] ExtensionService#_doActivateExtension vscode.testing-editor-contributions {"startup":false,"extensionId":{"value":"vscode.testing-editor-contributions","_lower":"vscode.testing-editor-contributions"},"activationEvent":"onStartupFinished"}
[2021-05-01 04:23:23.134] [exthost] [info] ExtensionService#loadCommonJSModule file:///snap/code/62/usr/share/code/resources/app/extensions/testing-editor-contributions/dist/extension.js
[2021-05-01 04:23:23.334] [exthost] [info] eager extensions activated
[2021-05-01 04:23:25.893] [exthost] [info] ExtensionService#_doActivateExtension ms-vscode.js-debug {"startup":false,"extensionId":{"value":"ms-vscode.js-debug","_lower":"ms-vscode.js-debug"},"activationEvent":"onCommand:extension.js-debug.clearAutoAttachVariables"}
[2021-05-01 04:23:25.893] [exthost] [info] ExtensionService#loadCommonJSModule file:///snap/code/62/usr/share/code/resources/app/extensions/ms-vscode.js-debug/src/extension.js
[2021-05-01 04:23:34.645] [exthost] [info] ExtensionService#_doActivateExtension vscode.github-authentication {"startup":false,"extensionId":{"value":"vscode.github-authentication","_lower":"vscode.github-authentication"},"activationEvent":"onAuthenticationRequest:github"}
[2021-05-01 04:23:34.709] [exthost] [info] ExtensionService#loadCommonJSModule file:///snap/code/62/usr/share/code/resources/app/extensions/github-authentication/dist/extension.js
[2021-05-01 04:26:58.577] [exthost] [info] ExtensionService#_doActivateExtension vscode.extension-editing {"startup":false,"extensionId":{"value":"vscode.extension-editing","_lower":"vscode.extension-editing"},"activationEvent":"onLanguage:typescript"}
[2021-05-01 04:26:58.694] [exthost] [info] ExtensionService#loadCommonJSModule file:///snap/code/62/usr/share/code/resources/app/extensions/extension-editing/dist/extensionEditingMain
[2021-05-01 04:33:50.814] [exthost] [warning] [Decorations] CAPPING events from decorations provider vscode.git 550
[2021-05-01 04:34:09.163] [exthost] [warning] [Decorations] CAPPING events from decorations provider vscode.git 548
[2021-05-01 04:51:16.613] [exthost] [warning] [Decorations] CAPPING events from decorations provider vscode.git 548
[2021-05-01 04:51:24.074] [exthost] [warning] [Decorations] CAPPING events from decorations provider vscode.git 548
[2021-05-01 04:51:45.881] [exthost] [warning] [Decorations] CAPPING events from decorations provider vscode.git 548
[2021-05-01 04:52:34.852] [exthost] [warning] [Decorations] CAPPING events from decorations provider vscode.git 548
[2021-05-01 04:52:44.117] [exthost] [warning] [Decorations] CAPPING events from decorations provider vscode.git 548
[2021-05-01 04:52:51.258] [exthost] [warning] [Decorations] CAPPING events from decorations provider vscode.git 548
[2021-05-01 04:52:59.837] [exthost] [warning] [Decorations] CAPPING events from decorations provider vscode.git 548
[2021-05-01 04:58:13.143] [exthost] [warning] [Decorations] CAPPING events from decorations provider vscode.git 548
[2021-05-01 05:06:06.299] [exthost] [warning] [Decorations] CAPPING events from decorations provider vscode.git 548
[2021-05-01 05:43:57.641] [exthost] [warning] [Decorations] CAPPING events from decorations provider vscode.git 548
[2021-05-01 05:44:43.606] [exthost] [warning] [Decorations] CAPPING events from decorations provider vscode.git 548
[2021-05-01 05:46:17.036] [exthost] [warning] [Decorations] CAPPING events from decorations provider vscode.git 548
