[2021-04-24 17:12:50.410] [exthost] [info] extension host started
[2021-04-24 17:12:51.355] [exthost] [info] ExtensionService#_doActivateExtension vscode.microsoft-authentication {"startup":false,"extensionId":{"value":"vscode.microsoft-authentication","_lower":"vscode.microsoft-authentication"},"activationEvent":"onAuthenticationRequest:microsoft"}
[2021-04-24 17:12:51.356] [exthost] [info] ExtensionService#loadCommonJSModule file:///snap/code/62/usr/share/code/resources/app/extensions/microsoft-authentication/dist/extension.js
[2021-04-24 17:12:51.911] [exthost] [info] ExtensionService#_doActivateExtension vscode.debug-auto-launch {"startup":true,"extensionId":{"value":"vscode.debug-auto-launch","_lower":"vscode.debug-auto-launch"},"activationEvent":"*"}
[2021-04-24 17:12:51.922] [exthost] [info] ExtensionService#loadCommonJSModule file:///snap/code/62/usr/share/code/resources/app/extensions/debug-auto-launch/dist/extension
[2021-04-24 17:12:52.001] [exthost] [info] ExtensionService#_doActivateExtension vscode.git {"startup":true,"extensionId":{"value":"vscode.github","_lower":"vscode.github"},"activationEvent":"*"}
[2021-04-24 17:12:52.006] [exthost] [info] ExtensionService#loadCommonJSModule file:///snap/code/62/usr/share/code/resources/app/extensions/git/dist/main
[2021-04-24 17:12:56.716] [exthost] [info] ExtensionService#_doActivateExtension vscode.github {"startup":true,"extensionId":{"value":"vscode.github","_lower":"vscode.github"},"activationEvent":"*"}
[2021-04-24 17:12:56.717] [exthost] [info] ExtensionService#loadCommonJSModule file:///snap/code/62/usr/share/code/resources/app/extensions/github/dist/extension.js
[2021-04-24 17:12:56.802] [exthost] [info] eager extensions activated
[2021-04-24 17:12:56.854] [exthost] [info] ExtensionService#_doActivateExtension ms-vscode.js-debug {"startup":false,"extensionId":{"value":"ms-vscode.js-debug","_lower":"ms-vscode.js-debug"},"activationEvent":"onCommand:extension.js-debug.clearAutoAttachVariables"}
[2021-04-24 17:12:56.856] [exthost] [info] ExtensionService#loadCommonJSModule file:///snap/code/62/usr/share/code/resources/app/extensions/ms-vscode.js-debug/src/extension.js
[2021-04-24 17:12:58.113] [exthost] [info] ExtensionService#_doActivateExtension vscode.emmet {"startup":false,"extensionId":{"value":"vscode.emmet","_lower":"vscode.emmet"},"activationEvent":"onStartupFinished"}
[2021-04-24 17:12:58.125] [exthost] [info] ExtensionService#loadCommonJSModule file:///snap/code/62/usr/share/code/resources/app/extensions/emmet/dist/node/emmetNodeMain
[2021-04-24 17:12:58.227] [exthost] [info] ExtensionService#_doActivateExtension vscode.merge-conflict {"startup":false,"extensionId":{"value":"vscode.merge-conflict","_lower":"vscode.merge-conflict"},"activationEvent":"onStartupFinished"}
[2021-04-24 17:12:58.227] [exthost] [info] ExtensionService#loadCommonJSModule file:///snap/code/62/usr/share/code/resources/app/extensions/merge-conflict/dist/mergeConflictMain
[2021-04-24 17:12:58.278] [exthost] [info] ExtensionService#_doActivateExtension vscode.testing-editor-contributions {"startup":false,"extensionId":{"value":"vscode.testing-editor-contributions","_lower":"vscode.testing-editor-contributions"},"activationEvent":"onStartupFinished"}
[2021-04-24 17:12:58.279] [exthost] [info] ExtensionService#loadCommonJSModule file:///snap/code/62/usr/share/code/resources/app/extensions/testing-editor-contributions/dist/extension.js
[2021-04-24 17:13:00.396] [exthost] [info] ExtensionService#_doActivateExtension vscode.github-authentication {"startup":false,"extensionId":{"value":"vscode.github-authentication","_lower":"vscode.github-authentication"},"activationEvent":"onAuthenticationRequest:github"}
[2021-04-24 17:13:00.399] [exthost] [info] ExtensionService#loadCommonJSModule file:///snap/code/62/usr/share/code/resources/app/extensions/github-authentication/dist/extension.js
[2021-04-24 17:13:22.899] [exthost] [info] extension host terminating: received terminate message from renderer
[2021-04-24 17:13:24.162] [exthost] [info] exiting with code 0
[2021-04-24 17:13:35.901] [exthost] [info] extension host started
[2021-04-24 17:13:36.212] [exthost] [info] ExtensionService#_doActivateExtension vscode.microsoft-authentication {"startup":false,"extensionId":{"value":"vscode.microsoft-authentication","_lower":"vscode.microsoft-authentication"},"activationEvent":"onAuthenticationRequest:microsoft"}
[2021-04-24 17:13:36.213] [exthost] [info] ExtensionService#loadCommonJSModule file:///snap/code/62/usr/share/code/resources/app/extensions/microsoft-authentication/dist/extension.js
[2021-04-24 17:13:36.277] [exthost] [info] ExtensionService#_doActivateExtension vscode.debug-auto-launch {"startup":true,"extensionId":{"value":"vscode.debug-auto-launch","_lower":"vscode.debug-auto-launch"},"activationEvent":"*"}
[2021-04-24 17:13:36.285] [exthost] [info] ExtensionService#loadCommonJSModule file:///snap/code/62/usr/share/code/resources/app/extensions/debug-auto-launch/dist/extension
[2021-04-24 17:13:36.301] [exthost] [info] ExtensionService#_doActivateExtension vscode.git {"startup":true,"extensionId":{"value":"vscode.github","_lower":"vscode.github"},"activationEvent":"*"}
[2021-04-24 17:13:36.308] [exthost] [info] ExtensionService#loadCommonJSModule file:///snap/code/62/usr/share/code/resources/app/extensions/git/dist/main
[2021-04-24 17:13:36.463] [exthost] [info] ExtensionService#_doActivateExtension vscode.npm {"startup":true,"extensionId":{"value":"vscode.npm","_lower":"vscode.npm"},"activationEvent":"workspaceContains:package.json"}
[2021-04-24 17:13:36.466] [exthost] [info] ExtensionService#loadCommonJSModule file:///snap/code/62/usr/share/code/resources/app/extensions/npm/dist/npmMain
[2021-04-24 17:13:38.231] [exthost] [warning] [Decorations] CAPPING events from decorations provider vscode.git 441
[2021-04-24 17:13:41.050] [exthost] [info] ExtensionService#_doActivateExtension vscode.github {"startup":true,"extensionId":{"value":"vscode.github","_lower":"vscode.github"},"activationEvent":"*"}
[2021-04-24 17:13:41.051] [exthost] [info] ExtensionService#loadCommonJSModule file:///snap/code/62/usr/share/code/resources/app/extensions/github/dist/extension.js
[2021-04-24 17:13:41.653] [exthost] [info] ExtensionService#_doActivateExtension ms-vscode.js-debug {"startup":false,"extensionId":{"value":"ms-vscode.js-debug","_lower":"ms-vscode.js-debug"},"activationEvent":"onCommand:extension.js-debug.clearAutoAttachVariables"}
[2021-04-24 17:13:41.653] [exthost] [info] ExtensionService#loadCommonJSModule file:///snap/code/62/usr/share/code/resources/app/extensions/ms-vscode.js-debug/src/extension.js
[2021-04-24 17:13:42.374] [exthost] [info] eager extensions activated
[2021-04-24 17:13:42.417] [exthost] [info] ExtensionService#_doActivateExtension vscode.emmet {"startup":false,"extensionId":{"value":"vscode.emmet","_lower":"vscode.emmet"},"activationEvent":"onStartupFinished"}
[2021-04-24 17:13:42.417] [exthost] [info] ExtensionService#loadCommonJSModule file:///snap/code/62/usr/share/code/resources/app/extensions/emmet/dist/node/emmetNodeMain
[2021-04-24 17:13:42.459] [exthost] [info] ExtensionService#_doActivateExtension vscode.merge-conflict {"startup":false,"extensionId":{"value":"vscode.merge-conflict","_lower":"vscode.merge-conflict"},"activationEvent":"onStartupFinished"}
[2021-04-24 17:13:42.463] [exthost] [info] ExtensionService#loadCommonJSModule file:///snap/code/62/usr/share/code/resources/app/extensions/merge-conflict/dist/mergeConflictMain
[2021-04-24 17:13:42.477] [exthost] [info] ExtensionService#_doActivateExtension vscode.testing-editor-contributions {"startup":false,"extensionId":{"value":"vscode.testing-editor-contributions","_lower":"vscode.testing-editor-contributions"},"activationEvent":"onStartupFinished"}
[2021-04-24 17:13:42.481] [exthost] [info] ExtensionService#loadCommonJSModule file:///snap/code/62/usr/share/code/resources/app/extensions/testing-editor-contributions/dist/extension.js
[2021-04-24 17:13:42.787] [exthost] [info] ExtensionService#_doActivateExtension vscode.github-authentication {"startup":false,"extensionId":{"value":"vscode.github-authentication","_lower":"vscode.github-authentication"},"activationEvent":"onAuthenticationRequest:github"}
[2021-04-24 17:13:42.798] [exthost] [info] ExtensionService#loadCommonJSModule file:///snap/code/62/usr/share/code/resources/app/extensions/github-authentication/dist/extension.js
[2021-04-24 17:14:06.575] [exthost] [info] ExtensionService#_doActivateExtension vscode.configuration-editing {"startup":false,"extensionId":{"value":"vscode.configuration-editing","_lower":"vscode.configuration-editing"},"activationEvent":"onLanguage:jsonc"}
[2021-04-24 17:14:06.576] [exthost] [info] ExtensionService#loadCommonJSModule file:///snap/code/62/usr/share/code/resources/app/extensions/configuration-editing/dist/configurationEditingMain
[2021-04-24 17:14:06.761] [exthost] [info] ExtensionService#_doActivateExtension vscode.json-language-features {"startup":false,"extensionId":{"value":"vscode.json-language-features","_lower":"vscode.json-language-features"},"activationEvent":"onLanguage:jsonc"}
[2021-04-24 17:14:06.800] [exthost] [info] ExtensionService#loadCommonJSModule file:///snap/code/62/usr/share/code/resources/app/extensions/json-language-features/client/dist/node/jsonClientMain
[2021-04-24 17:14:07.947] [exthost] [info] ExtensionService#_doActivateExtension vscode.typescript-language-features {"startup":false,"extensionId":{"value":"vscode.typescript-language-features","_lower":"vscode.typescript-language-features"},"activationEvent":"onLanguage:jsonc"}
[2021-04-24 17:14:07.971] [exthost] [info] ExtensionService#loadCommonJSModule file:///snap/code/62/usr/share/code/resources/app/extensions/typescript-language-features/dist/extension
[2021-04-24 17:14:10.174] [exthost] [warning] [Decorations] CAPPING events from decorations provider vscode.git 486
[2021-04-24 17:15:45.465] [exthost] [warning] [Decorations] CAPPING events from decorations provider vscode.git 492
[2021-04-24 17:16:44.382] [exthost] [warning] [Decorations] CAPPING events from decorations provider vscode.git 493
[2021-04-24 18:18:39.520] [exthost] [info] ExtensionService#_doActivateExtension vscode.extension-editing {"startup":false,"extensionId":{"value":"vscode.extension-editing","_lower":"vscode.extension-editing"},"activationEvent":"onLanguage:typescript"}
[2021-04-24 18:18:39.613] [exthost] [info] ExtensionService#loadCommonJSModule file:///snap/code/62/usr/share/code/resources/app/extensions/extension-editing/dist/extensionEditingMain
[2021-04-24 18:35:54.161] [exthost] [info] ExtensionService#_doActivateExtension vscode.simple-browser {"startup":false,"extensionId":{"value":"vscode.simple-browser","_lower":"vscode.simple-browser"},"activationEvent":"onOpenExternalUri:https"}
[2021-04-24 18:35:54.222] [exthost] [info] ExtensionService#loadCommonJSModule file:///snap/code/62/usr/share/code/resources/app/extensions/simple-browser/dist/extension
[2021-04-24 18:44:21.174] [exthost] [warning] [Decorations] CAPPING events from decorations provider vscode.git 517
[2021-04-24 18:49:26.951] [exthost] [warning] [Decorations] CAPPING events from decorations provider vscode.git 517
[2021-04-24 18:52:42.277] [exthost] [warning] [Decorations] CAPPING events from decorations provider vscode.git 517
[2021-04-24 18:52:52.176] [exthost] [warning] [Decorations] CAPPING events from decorations provider vscode.git 517
[2021-04-24 19:28:13.322] [exthost] [error] [vscode.typescript-language-features] provider FAILED
[2021-04-24 19:28:13.472] [exthost] [error] Error: DisposableStore is missing...
	at M._convertCompletionItem (/snap/code/62/usr/share/code/resources/app/out/vs/workbench/services/extensions/node/extensionHostProcess.js:86:171926)
	at M.resolveCompletionItem (/snap/code/62/usr/share/code/resources/app/out/vs/workbench/services/extensions/node/extensionHostProcess.js:86:171661)
[2021-04-24 19:44:14.517] [exthost] [error] [vscode.typescript-language-features] provider FAILED
[2021-04-24 19:44:14.566] [exthost] [error] Error: DisposableStore is missing...
	at M._convertCompletionItem (/snap/code/62/usr/share/code/resources/app/out/vs/workbench/services/extensions/node/extensionHostProcess.js:86:171926)
	at M.resolveCompletionItem (/snap/code/62/usr/share/code/resources/app/out/vs/workbench/services/extensions/node/extensionHostProcess.js:86:171661)
[2021-04-24 19:58:36.610] [exthost] [warning] [Decorations] CAPPING events from decorations provider vscode.git 517
[2021-04-24 20:00:57.056] [exthost] [warning] [Decorations] CAPPING events from decorations provider vscode.git 517
[2021-04-24 20:10:23.636] [exthost] [warning] [Decorations] CAPPING events from decorations provider vscode.git 517
[2021-04-24 20:19:31.368] [exthost] [warning] [Decorations] CAPPING events from decorations provider vscode.git 517
[2021-04-24 20:24:44.073] [exthost] [warning] [Decorations] CAPPING events from decorations provider vscode.git 517
[2021-04-29 03:35:12.658] [exthost] [warning] [Decorations] CAPPING events from decorations provider vscode.git 517
[2021-04-29 03:48:54.327] [exthost] [warning] [Decorations] CAPPING events from decorations provider vscode.git 517
[2021-04-29 04:11:37.974] [exthost] [warning] [Decorations] CAPPING events from decorations provider vscode.git 537
[2021-04-29 04:25:18.933] [exthost] [warning] [Decorations] CAPPING events from decorations provider vscode.git 536
[2021-04-29 04:25:56.442] [exthost] [warning] [Decorations] CAPPING events from decorations provider vscode.git 536
[2021-04-29 04:41:52.533] [exthost] [warning] [Decorations] CAPPING events from decorations provider vscode.git 536
[2021-04-29 04:55:56.019] [exthost] [warning] [Decorations] CAPPING events from decorations provider vscode.git 536
[2021-04-29 04:57:38.380] [exthost] [warning] [Decorations] CAPPING events from decorations provider vscode.git 536
[2021-04-29 05:01:03.994] [exthost] [warning] [Decorations] CAPPING events from decorations provider vscode.git 536
