[2021-06-27 16:54:42.759] [exthost] [info] extension host started
[2021-06-27 16:54:42.891] [exthost] [info] ExtensionService#_doActivateExtension vscode.microsoft-authentication {"startup":false,"extensionId":{"value":"vscode.microsoft-authentication","_lower":"vscode.microsoft-authentication"},"activationEvent":"onAuthenticationRequest:microsoft"}
[2021-06-27 16:54:42.892] [exthost] [info] ExtensionService#loadCommonJSModule file:///snap/code/67/usr/share/code/resources/app/extensions/microsoft-authentication/dist/extension.js
[2021-06-27 16:54:42.974] [exthost] [info] ExtensionService#_doActivateExtension vscode.git {"startup":false,"extensionId":{"value":"vscode.git","_lower":"vscode.git"},"activationEvent":"onFileSystem:git"}
[2021-06-27 16:54:42.974] [exthost] [info] ExtensionService#loadCommonJSModule file:///snap/code/67/usr/share/code/resources/app/extensions/git/dist/main
[2021-06-27 16:54:43.118] [exthost] [info] ExtensionService#_doActivateExtension vscode.debug-auto-launch {"startup":true,"extensionId":{"value":"vscode.debug-auto-launch","_lower":"vscode.debug-auto-launch"},"activationEvent":"*"}
[2021-06-27 16:54:43.119] [exthost] [info] ExtensionService#loadCommonJSModule file:///snap/code/67/usr/share/code/resources/app/extensions/debug-auto-launch/dist/extension
[2021-06-27 16:54:43.386] [exthost] [info] ExtensionService#_doActivateExtension vscode.github {"startup":true,"extensionId":{"value":"vscode.github","_lower":"vscode.github"},"activationEvent":"*"}
[2021-06-27 16:54:43.386] [exthost] [info] ExtensionService#loadCommonJSModule file:///snap/code/67/usr/share/code/resources/app/extensions/github/dist/extension.js
[2021-06-27 16:54:43.665] [exthost] [info] ExtensionService#_doActivateExtension ms-vscode.js-debug {"startup":false,"extensionId":{"value":"ms-vscode.js-debug","_lower":"ms-vscode.js-debug"},"activationEvent":"onCommand:extension.js-debug.clearAutoAttachVariables"}
[2021-06-27 16:54:43.665] [exthost] [info] ExtensionService#loadCommonJSModule file:///snap/code/67/usr/share/code/resources/app/extensions/ms-vscode.js-debug/src/extension.js
[2021-06-27 16:54:44.193] [exthost] [info] eager extensions activated
[2021-06-27 16:54:44.337] [exthost] [info] ExtensionService#_doActivateExtension vscode.github-authentication {"startup":false,"extensionId":{"value":"vscode.github-authentication","_lower":"vscode.github-authentication"},"activationEvent":"onAuthenticationRequest:github"}
[2021-06-27 16:54:44.337] [exthost] [info] ExtensionService#loadCommonJSModule file:///snap/code/67/usr/share/code/resources/app/extensions/github-authentication/dist/extension.js
[2021-06-27 16:54:44.416] [exthost] [info] ExtensionService#_doActivateExtension vscode.emmet {"startup":false,"extensionId":{"value":"vscode.emmet","_lower":"vscode.emmet"},"activationEvent":"onStartupFinished"}
[2021-06-27 16:54:44.417] [exthost] [info] ExtensionService#loadCommonJSModule file:///snap/code/67/usr/share/code/resources/app/extensions/emmet/dist/node/emmetNodeMain
[2021-06-27 16:54:44.447] [exthost] [info] ExtensionService#_doActivateExtension vscode.merge-conflict {"startup":false,"extensionId":{"value":"vscode.merge-conflict","_lower":"vscode.merge-conflict"},"activationEvent":"onStartupFinished"}
[2021-06-27 16:54:44.447] [exthost] [info] ExtensionService#loadCommonJSModule file:///snap/code/67/usr/share/code/resources/app/extensions/merge-conflict/dist/mergeConflictMain
[2021-06-27 16:54:44.457] [exthost] [info] ExtensionService#_doActivateExtension vscode.testing-editor-contributions {"startup":false,"extensionId":{"value":"vscode.testing-editor-contributions","_lower":"vscode.testing-editor-contributions"},"activationEvent":"onStartupFinished"}
[2021-06-27 16:54:44.457] [exthost] [info] ExtensionService#loadCommonJSModule file:///snap/code/67/usr/share/code/resources/app/extensions/testing-editor-contributions/dist/extension.js
[2021-06-27 16:54:45.792] [exthost] [info] ExtensionService#_doActivateExtension vscode.configuration-editing {"startup":false,"extensionId":{"value":"vscode.configuration-editing","_lower":"vscode.configuration-editing"},"activationEvent":"onLanguage:json"}
[2021-06-27 16:54:45.792] [exthost] [info] ExtensionService#loadCommonJSModule file:///snap/code/67/usr/share/code/resources/app/extensions/configuration-editing/dist/configurationEditingMain
[2021-06-27 16:54:45.806] [exthost] [info] ExtensionService#_doActivateExtension vscode.extension-editing {"startup":false,"extensionId":{"value":"vscode.extension-editing","_lower":"vscode.extension-editing"},"activationEvent":"onLanguage:json"}
[2021-06-27 16:54:45.807] [exthost] [info] ExtensionService#loadCommonJSModule file:///snap/code/67/usr/share/code/resources/app/extensions/extension-editing/dist/extensionEditingMain
[2021-06-27 16:54:45.851] [exthost] [info] ExtensionService#_doActivateExtension vscode.json-language-features {"startup":false,"extensionId":{"value":"vscode.json-language-features","_lower":"vscode.json-language-features"},"activationEvent":"onLanguage:json"}
[2021-06-27 16:54:45.851] [exthost] [info] ExtensionService#loadCommonJSModule file:///snap/code/67/usr/share/code/resources/app/extensions/json-language-features/client/dist/node/jsonClientMain
[2021-06-27 16:54:45.946] [exthost] [info] ExtensionService#_doActivateExtension vscode.npm {"startup":false,"extensionId":{"value":"vscode.npm","_lower":"vscode.npm"},"activationEvent":"onLanguage:json"}
[2021-06-27 16:54:45.947] [exthost] [info] ExtensionService#loadCommonJSModule file:///snap/code/67/usr/share/code/resources/app/extensions/npm/dist/npmMain
[2021-06-27 16:54:46.006] [exthost] [info] ExtensionService#_doActivateExtension vscode.typescript-language-features {"startup":false,"extensionId":{"value":"vscode.typescript-language-features","_lower":"vscode.typescript-language-features"},"activationEvent":"onLanguage:javascript"}
[2021-06-27 16:54:46.007] [exthost] [info] ExtensionService#loadCommonJSModule file:///snap/code/67/usr/share/code/resources/app/extensions/typescript-language-features/dist/extension
[2021-06-27 16:57:29.399] [exthost] [info] extension host terminating: renderer closed the socket
[2021-06-27 16:57:30.426] [exthost] [info] exiting with code 0
[2021-06-27 16:57:33.793] [exthost] [info] extension host started
[2021-06-27 16:57:33.940] [exthost] [info] ExtensionService#_doActivateExtension vscode.microsoft-authentication {"startup":false,"extensionId":{"value":"vscode.microsoft-authentication","_lower":"vscode.microsoft-authentication"},"activationEvent":"onAuthenticationRequest:microsoft"}
[2021-06-27 16:57:33.940] [exthost] [info] ExtensionService#loadCommonJSModule file:///snap/code/67/usr/share/code/resources/app/extensions/microsoft-authentication/dist/extension.js
[2021-06-27 16:57:33.963] [exthost] [info] ExtensionService#_doActivateExtension vscode.debug-auto-launch {"startup":true,"extensionId":{"value":"vscode.debug-auto-launch","_lower":"vscode.debug-auto-launch"},"activationEvent":"*"}
[2021-06-27 16:57:33.963] [exthost] [info] ExtensionService#loadCommonJSModule file:///snap/code/67/usr/share/code/resources/app/extensions/debug-auto-launch/dist/extension
[2021-06-27 16:57:33.968] [exthost] [info] ExtensionService#_doActivateExtension vscode.git {"startup":true,"extensionId":{"value":"vscode.github","_lower":"vscode.github"},"activationEvent":"*"}
[2021-06-27 16:57:33.968] [exthost] [info] ExtensionService#loadCommonJSModule file:///snap/code/67/usr/share/code/resources/app/extensions/git/dist/main
[2021-06-27 16:57:34.213] [exthost] [info] ExtensionService#_doActivateExtension vscode.github {"startup":true,"extensionId":{"value":"vscode.github","_lower":"vscode.github"},"activationEvent":"*"}
[2021-06-27 16:57:34.213] [exthost] [info] ExtensionService#loadCommonJSModule file:///snap/code/67/usr/share/code/resources/app/extensions/github/dist/extension.js
[2021-06-27 16:57:34.324] [exthost] [info] eager extensions activated
[2021-06-27 16:57:34.356] [exthost] [info] ExtensionService#_doActivateExtension ms-vscode.js-debug {"startup":false,"extensionId":{"value":"ms-vscode.js-debug","_lower":"ms-vscode.js-debug"},"activationEvent":"onCommand:extension.js-debug.clearAutoAttachVariables"}
[2021-06-27 16:57:34.356] [exthost] [info] ExtensionService#loadCommonJSModule file:///snap/code/67/usr/share/code/resources/app/extensions/ms-vscode.js-debug/src/extension.js
[2021-06-27 16:57:34.630] [exthost] [info] ExtensionService#_doActivateExtension vscode.emmet {"startup":false,"extensionId":{"value":"vscode.emmet","_lower":"vscode.emmet"},"activationEvent":"onStartupFinished"}
[2021-06-27 16:57:34.631] [exthost] [info] ExtensionService#loadCommonJSModule file:///snap/code/67/usr/share/code/resources/app/extensions/emmet/dist/node/emmetNodeMain
[2021-06-27 16:57:34.643] [exthost] [info] ExtensionService#_doActivateExtension vscode.merge-conflict {"startup":false,"extensionId":{"value":"vscode.merge-conflict","_lower":"vscode.merge-conflict"},"activationEvent":"onStartupFinished"}
[2021-06-27 16:57:34.643] [exthost] [info] ExtensionService#loadCommonJSModule file:///snap/code/67/usr/share/code/resources/app/extensions/merge-conflict/dist/mergeConflictMain
[2021-06-27 16:57:34.648] [exthost] [info] ExtensionService#_doActivateExtension vscode.testing-editor-contributions {"startup":false,"extensionId":{"value":"vscode.testing-editor-contributions","_lower":"vscode.testing-editor-contributions"},"activationEvent":"onStartupFinished"}
[2021-06-27 16:57:34.648] [exthost] [info] ExtensionService#loadCommonJSModule file:///snap/code/67/usr/share/code/resources/app/extensions/testing-editor-contributions/dist/extension.js
[2021-06-27 16:57:34.884] [exthost] [warning] [Decorations] CAPPING events from decorations provider vscode.git 261
[2021-06-27 16:57:34.897] [exthost] [info] ExtensionService#_doActivateExtension vscode.github-authentication {"startup":false,"extensionId":{"value":"vscode.github-authentication","_lower":"vscode.github-authentication"},"activationEvent":"onAuthenticationRequest:github"}
[2021-06-27 16:57:34.897] [exthost] [info] ExtensionService#loadCommonJSModule file:///snap/code/67/usr/share/code/resources/app/extensions/github-authentication/dist/extension.js
[2021-06-27 17:00:16.832] [exthost] [info] ExtensionService#_doActivateExtension vscode.typescript-language-features {"startup":false,"extensionId":{"value":"vscode.typescript-language-features","_lower":"vscode.typescript-language-features"},"activationEvent":"onLanguage:javascript"}
[2021-06-27 17:00:16.832] [exthost] [info] ExtensionService#loadCommonJSModule file:///snap/code/67/usr/share/code/resources/app/extensions/typescript-language-features/dist/extension
[2021-06-27 17:16:43.477] [exthost] [info] ExtensionService#_doActivateExtension vscode.extension-editing {"startup":false,"extensionId":{"value":"vscode.extension-editing","_lower":"vscode.extension-editing"},"activationEvent":"onLanguage:typescript"}
[2021-06-27 17:16:43.477] [exthost] [info] ExtensionService#loadCommonJSModule file:///snap/code/67/usr/share/code/resources/app/extensions/extension-editing/dist/extensionEditingMain
[2021-06-27 17:58:59.029] [exthost] [warning] [Decorations] CAPPING events from decorations provider vscode.git 299
[2021-06-27 18:32:45.542] [exthost] [warning] [Decorations] CAPPING events from decorations provider vscode.git 299
[2021-06-27 18:36:41.577] [exthost] [warning] [Decorations] CAPPING events from decorations provider vscode.git 299
[2021-06-27 18:43:16.363] [exthost] [warning] [Decorations] CAPPING events from decorations provider vscode.git 299
[2021-06-27 18:44:13.510] [exthost] [warning] [Decorations] CAPPING events from decorations provider vscode.git 299
[2021-06-27 19:06:17.052] [exthost] [warning] [Decorations] CAPPING events from decorations provider vscode.git 299
[2021-06-27 19:10:13.116] [exthost] [warning] [Decorations] CAPPING events from decorations provider vscode.git 299
[2021-06-27 19:19:42.940] [exthost] [warning] [Decorations] CAPPING events from decorations provider vscode.git 299
[2021-06-27 19:22:46.376] [exthost] [warning] [Decorations] CAPPING events from decorations provider vscode.git 299
[2021-06-27 19:24:59.566] [exthost] [warning] [Decorations] CAPPING events from decorations provider vscode.git 299
[2021-06-27 19:25:26.949] [exthost] [warning] [Decorations] CAPPING events from decorations provider vscode.git 299
[2021-06-29 06:13:57.702] [exthost] [warning] [Decorations] CAPPING events from decorations provider vscode.git 300
[2021-06-29 06:19:02.942] [exthost] [warning] [Decorations] CAPPING events from decorations provider vscode.git 300
[2021-06-29 06:22:26.024] [exthost] [warning] [Decorations] CAPPING events from decorations provider vscode.git 300
[2021-06-29 06:26:08.355] [exthost] [warning] [Decorations] CAPPING events from decorations provider vscode.git 300
[2021-06-29 06:27:56.469] [exthost] [warning] [Decorations] CAPPING events from decorations provider vscode.git 299
[2021-06-29 06:28:01.781] [exthost] [warning] [Decorations] CAPPING events from decorations provider vscode.git 299
[2021-06-29 06:28:21.667] [exthost] [warning] [Decorations] CAPPING events from decorations provider vscode.git 299
[2021-06-29 06:45:13.306] [exthost] [warning] [Decorations] CAPPING events from decorations provider vscode.git 299
[2021-06-29 06:50:29.186] [exthost] [warning] [Decorations] CAPPING events from decorations provider vscode.git 308
